flatbar_projects.github.io
ชุดโปรแกรม Webapp สำหรับส่วนงานเหล็กแบน(FlatBar). ผู้อำนวยการ : คุณ สิวนัฐ รุ้งแพรวพราว

Version 1.65 Beta
F.L.A.T.B.A.R. AI
- เพิ่มความสามารถในการเรียกดูข้อมูลเวรเช็คเครน และเวรลากยาว

Version 1.64 Beta
F.L.A.T.B.A.R. AI
- เพิ่มความสามารถในการคำนวณน้ำหนัก (อยู่ในขั้นตอนทดสอบ!)
- เพิ่มลูกเล่นเมื่อมีข้อมูลทะเบียนแต่ไม่พบคำสั่งใดๆ

Version 1.63 Beta
F.L.A.T.B.A.R. AI
- เพิ่มความสามารถในการแยกแยะข้อมูลสำหรับบันทึกการใช้ไม้ (อยู่ในขั้นตอนทดสอบ!)

Version 1.62 Beta
F.L.A.T.B.A.R. AI
- เพิ่มความสามารถในการแนะนำตัวเอง

Version 1.61 Beta
F.L.A.T.B.A.R. AI
- ปรับหน้าตา UI ตารางรายการสินค้าใหม่ให้ดูง่ายขึ้น
- เปลี่ยนเสียงให้เป็นเสียงผู้ชายเพื่อความง่ายในการฟัง

Version 1.6 Beta
F.L.A.T.B.A.R. AI
- เปิดใช้งาน F.L.A.T.B.A.R. AI โปรแกรมผู้ช่วยสั่งการด้วยเสียง
- เพิ่มความสามารถค้นหารายการสินค้าของทะเบียนที่ต้องการ

Version 1.4 Beta
- เพิ่มไซส์ท่อกลมขนาดใหญ่ 8", 10", 11"
- เพิ่มฟังชั่น รายการรถ เพื่อดูรายการขึ้นสินค้าของรถแต่ละคันโดยใช้ Appsheet และดึงข้อมูลจาก Shipment งานยกรวม
- ในรายการขึ้นสินค้าหน้างาน เพิ่มฟังชั่นการบันทึกน้ำหนักลงไปใน Appsheet
- รายการขึ้นสินค้าจะมีการระบุประตูที่สินค้านั้นๆอยู่ เพื่อสะดวกในการประเมินการเรียกรถเข้าช่อง

Version 1.3 Technical Review
- เพิ่มเครื่องมือช่วยนับในส่วนงานท่อเกรดบี
- แก้บั้คเล็กๆน้อยๆ ที่เกิดจากการย้ายฐานข้อมูล
- เพิ่มตารางเวรลงในหน้าหลัก

Version 1.3 Beta
- ตัวจดน้ำหนักเหล็กแบน เพิ่มช่องใส่ข้อมูล ทะเบียนรถ
- เปลี่ยนรูปแบบตารางบันทึกจดน้ำหนักให้ดูได้ง่ายขึ้น จัดกลุ่มตามทะเบียนรถ

Version 1.2 Beta
- เพิ่มปุ่มใช้งานดูตารางในหน้าหลักให้มีความคล่องตัวมากขึ้น
- เปิดใช้งานตัวบันทึกการใช้ไม้

Version 1.1 Beta
- เพิ่มตัวเช็คสต็อกประจำวันส่วนงานเหล็กแบน
- ปรับปรุงตัวนับสต็อก ล็อกโซนกับไซส์ให้ตรงกับหน้างาน
- เพิ่มไซส์ 2.7x35x6000MM
- ปรับปรุงหน้าตา Interface ของตัวรับอัพเดทสต็อกท่อเกรดบี

Version 1.0 Beta
- เพิ่มหน้าหลักในการเข้าใช้งานทั้งส่วนงานเหล็กแบน และส่วนงานท่อเกรดบี
Inbound_Input
- เพิ่มการตรวจสอบตัวเลือกชนิดและประเภทของท่อเหล็ก ต้องถูกเลือกก่อนทำการบันทึก

Version 0.9b BETA
- เพิ่มหน้าหลักของส่วนงานท่อเกรดบี
- เพิ่มการกดดูประวัติอัพเดทเวอร์ชั่น

Version 0.8b Beta
Updatestock_input
- เพิ่มตัวบันทึกข้อมูลสต็อกกลาง

Version 0.7b Beta
Inbound_Input
- เพิ่มการเก็บข้อมูลลงฐานข้อมูลสต็อกกลาง
- เพิ่มรายงานข้อมูลสต็อก

Version 0.6b Beta
Outbound_Input
- เพิ่มการเคลียร์ตัวเลือกและช่องใส่น้ำหนักหลังจากกดบันทึก
- เปิดใช้การคำนวณน้ำหนักก่อนหน้า
- เปิดใช้ปุ่มกดดูตารางสรุป

Version 0.5b Beta
- เพิ่มตัวบันทึกจดน้ำหนักท่อเกรดบี (ตัวทดลอง)
- เปลี่ยนโครงสร้างจากโปรแกรมเดี่ยว เป็นชุดโปรแกรม Solution

Version 0.4b Beta
- เพิ่มการตรวจสอบตัวเลือกไซส์และช่องใส่จำนวนเมื่อทำการกดบันทึก

Version 0.3b Beta
- ปรับปรุง UX เคลียร์ตัวเลือกหลังจากกดบันทึก

Version 0.2b Beta
- ปรับปรุง UI ด้วยการใส่ไอคอนรูปภาพให้ดูน่าใช้งาน
- เพิ่มตัวระบุเวอร์ชั่นให้ง่ายในการตรวจสอบอัพเดท

Version 0.01b Beta
- ปรับปรุง UI ให้ดูทันสมัยขึ้น
- เพิ่มไอคอนให้ง่ายในการใช้งานบนมือถือแอนดรอยด์

Version 0.01 Alpha test
- อัพเดทข้อมูลท่อตามการใช้งานให้ครบถ้วน

V. 0.00 Beta
- เปิดใช้งานใน ตัวบันทึกรับเข้าท่อเกรดบี github.io
